<?xml version="1.0" encoding="UTF-8"?>
<!-- Generated by org.testng.reporters.JUnitXMLReporter -->
<testsuite ignored="0" hostname="LTIN690905" failures="0" tests="5" name="Dropdown and Form Validation Tests" time="67.829" errors="0" timestamp="2026-02-27T15:27:09 IST">
  <testcase classname="testcases.TC_06_YouTube_navigation_check" name="verifyVideoPopupPlayback_TC06" time="9.456"/>
  <testcase classname="testcases.TC_07_Brochure_Download_Check" name="downloadBrochureOfModel" time="10.489"/>
  <testcase classname="testcases.TC_08_Breadcrumb_Working_Check" name="BreadcrumbWorkingCheck" time="5.485"/>
  <testcase classname="testcases.TC_09_Browser_Navigation_Check" name="BrowserNavigationCheck" time="7.199"/>
  <testcase classname="testcases.TC_10_Search_Electric_Bikes" name="SearchForElectricBikes" time="13.584"/>
</testsuite> <!-- Dropdown and Form Validation Tests -->
