<?xml version="1.0" encoding="UTF-8"?>
<!-- Generated by org.testng.reporters.JUnitXMLReporter -->
<testsuite ignored="0" hostname="LTIN690525" failures="0" tests="5" name="TestBikeWale" time="53.741" errors="0" timestamp="2026-02-27T09:17:53 IST">
  <testcase classname="testcases.TC_01_HomePage" name="getBikes" time="3.691"/>
  <testcase classname="testcases.TC_02_FilterBikes" name="BikeFilterTestScenario" time="6.303"/>
  <testcase classname="testcases.TC_03_MileageBikes" name="getBikesHavingBestMileage" time="4.623"/>
  <testcase classname="testcases.TC_04_SelectCity" name="selectCityToPurchasedVehicle" time="3.823"/>
  <testcase classname="testcases.TC_05_ToggleButton" name="checkToggleButton" time="2.367"/>
</testsuite> <!-- TestBikeWale -->
