<?xml version="1.0" encoding="UTF-8"?>
<!-- Generated by org.testng.reporters.JUnitXMLReporter -->
<testsuite ignored="0" hostname="LTIN689737" failures="0" tests="5" name="Bikewale Automation Test" time="64.562" errors="0" timestamp="2026-02-26T13:00:23 IST">
  <testcase classname="testcases.TC_06_Check_Bike_At_Location" name="getBikeAtLocation" time="8.029"/>
  <testcase classname="testcases.TC_07_Verify_Invalid_City_Error" name="verifyInvalidCityError" time="5.292"/>
  <testcase classname="testcases.TC_08_Check_Notify_Functionality" name="validateUpcomingBikeNotifyMe" time="1.99"/>
  <testcase classname="testcases.TC_09_Validate_News_Headlines" name="validateNewsHeadlines" time="3.772"/>
  <testcase classname="testcases.TC_10_Validate_Bike_Reviews" name="validateReviewSearch" time="6.306"/>
</testsuite> <!-- Bikewale Automation Test -->
