<?xml version="1.0" encoding="UTF-8"?>
<!-- Generated by org.testng.reporters.JUnitXMLReporter -->
<testsuite ignored="0" hostname="LTIN689737" failures="0" tests="5" name="Dropdown and Form Validation Tests" time="48.357" errors="0" timestamp="2026-02-25T17:44:24 IST">
  <testcase classname="testcases.TC_06_Check_Bike_At_Location" name="getBikeAtLocation" time="8.583"/>
  <testcase classname="testcases.TC_07_Verify_Invalid_City_Error" name="verifyInvalidCityError" time="4.385"/>
  <testcase classname="testcases.TC_08_Check_Notify_Functionality" name="validateUpcomingBikeNotifyMe" time="1.676"/>
  <testcase classname="testcases.TC_09_Validate_News_Headlines" name="validateNewsHeadlines" time="2.922"/>
  <testcase classname="testcases.TC_10_Validate_Bike_Reviews" name="validateReviewSearch" time="5.62"/>
</testsuite> <!-- Dropdown and Form Validation Tests -->
