<?xml version="1.0" encoding="UTF-8"?>
<!-- Generated by org.testng.reporters.JUnitXMLReporter -->
<testsuite ignored="0" hostname="LTIN690905" failures="2" tests="25" name="TestBikeWale" time="268.174" errors="0" timestamp="2026-03-03T17:44:44 IST">
  <testcase classname="testcases.TC_01_HomePage" name="getBikes" time="3.257"/>
  <testcase classname="testcases.TC_02_FilterBikes" name="BikeFilterTestScenario" time="6.793"/>
  <testcase classname="testcases.TC_03_MileageBikes" name="getBikesHavingBestMileage" time="4.506"/>
  <testcase classname="testcases.TC_04_SelectCity" name="selectCityToPurchasedVehicle" time="3.04"/>
  <testcase classname="testcases.TC_05_ToggleButton" name="checkToggleButton" time="1.916"/>
  <testcase classname="testcases.TC_06_Check_Bike_At_Location" name="getBikeAtLocation" time="7.269"/>
  <testcase classname="testcases.TC_07_Verify_Invalid_City_Error" name="verifyInvalidCityError" time="10.399">
    <failure type="org.openqa.selenium.TimeoutException" message="Expected condition failed: waiting for element to be clickable: [[ChromeDriver: chrome on windows (d56c8030ef883244d6fdbaadeab431f5)] -&amp;gt; xpath: //span[text()=&amp;apos;New Bikes&amp;apos;]] (tried for 10 second(s) with 500 milliseconds interval)
Build info: version: &amp;apos;4.39.0&amp;apos;, revision: &amp;apos;126f156aee&amp;apos;
System info: os.name: &amp;apos;Windows 11&amp;apos;, os.arch: &amp;apos;amd64&amp;apos;, os.version: &amp;apos;10.0&amp;apos;, java.version: &amp;apos;21&amp;apos;
Driver info: org.openqa.selenium.chrome.ChromeDriver
Capabilities {acceptInsecureCerts: false, browserName: chrome, browserVersion: 142.0.7444.176, chrome: {chromedriverVersion: 142.0.7444.175 (302067f14a4..., userDataDir: C:\Users\2464377\AppData\Lo...}, fedcm:accounts: true, goog:chromeOptions: {debuggerAddress: localhost:51388}, goog:processID: 12768, networkConnectionEnabled: false, pageLoadStrategy: normal, platformName: windows, proxy: Proxy(), se:cdp: ws://localhost:51388/devtoo..., se:cdpVersion: 142.0.7444.176, setWindowRect: true, strictFileInteractability: false, timeouts: {implicit: 0, pageLoad: 300000, script: 30000}, unhandledPromptBehavior: dismiss and notify, webauthn:extension:credBlob: true, webauthn:extension:largeBlob: true, webauthn:extension:minPinLength: true, webauthn:extension:prf: true, webauthn:virtualAuthenticators: true}
Session ID: d56c8030ef883244d6fdbaadeab431f5">
      <![CDATA[org.openqa.selenium.TimeoutException: Expected condition failed: waiting for element to be clickable: [[ChromeDriver: chrome on windows (d56c8030ef883244d6fdbaadeab431f5)] -> xpath: //span[text()='New Bikes']] (tried for 10 second(s) with 500 milliseconds interval)
Build info: version: '4.39.0', revision: '126f156aee'
System info: os.name: 'Windows 11', os.arch: 'amd64', os.version: '10.0', java.version: '21'
Driver info: org.openqa.selenium.chrome.ChromeDriver
Capabilities {acceptInsecureCerts: false, browserName: chrome, browserVersion: 142.0.7444.176, chrome: {chromedriverVersion: 142.0.7444.175 (302067f14a4..., userDataDir: C:\Users\2464377\AppData\Lo...}, fedcm:accounts: true, goog:chromeOptions: {debuggerAddress: localhost:51388}, goog:processID: 12768, networkConnectionEnabled: false, pageLoadStrategy: normal, platformName: windows, proxy: Proxy(), se:cdp: ws://localhost:51388/devtoo..., se:cdpVersion: 142.0.7444.176, setWindowRect: true, strictFileInteractability: false, timeouts: {implicit: 0, pageLoad: 300000, script: 30000}, unhandledPromptBehavior: dismiss and notify, webauthn:extension:credBlob: true, webauthn:extension:largeBlob: true, webauthn:extension:minPinLength: true, webauthn:extension:prf: true, webauthn:virtualAuthenticators: true}
Session ID: d56c8030ef883244d6fdbaadeab431f5
at org.openqa.selenium.support.ui.WebDriverWait.timeoutException(WebDriverWait.java:84)
at org.openqa.selenium.support.ui.FluentWait.until(FluentWait.java:228)
at org.automation.utility.CommonCode.safeClickToWebElement(CommonCode.java:74)
at org.automation.pages.OnRoadPrice.navigateToOnRoadPriceSection(OnRoadPrice.java:90)
at org.automation.pages.OnRoadPrice.checkInvalidCity(OnRoadPrice.java:61)
at testcases.TC_07_Verify_Invalid_City_Error.verifyInvalidCityError(TC_07_Verify_Invalid_City_Error.java:13)
at java.base/jdk.internal.reflect.DirectMethodHandleAccessor.invoke(DirectMethodHandleAccessor.java:103)
at java.base/java.lang.reflect.Method.invoke(Method.java:580)
at org.testng.internal.invokers.MethodInvocationHelper.invokeMethod(MethodInvocationHelper.java:141)
at org.testng.internal.invokers.TestInvoker.invokeMethod(TestInvoker.java:687)
at org.testng.internal.invokers.TestInvoker.invokeTestMethod(TestInvoker.java:230)
at org.testng.internal.invokers.MethodRunner.runInSequence(MethodRunner.java:63)
at org.testng.internal.invokers.TestInvoker$MethodInvocationAgent.invoke(TestInvoker.java:995)
at org.testng.internal.invokers.TestInvoker.invokeTestMethods(TestInvoker.java:203)
at org.testng.internal.invokers.TestMethodWorker.invokeTestMethods(TestMethodWorker.java:154)
at org.testng.internal.invokers.TestMethodWorker.run(TestMethodWorker.java:134)
at java.base/java.util.ArrayList.forEach(ArrayList.java:1596)
at org.testng.TestRunner.privateRun(TestRunner.java:741)
at org.testng.TestRunner.run(TestRunner.java:616)
at org.testng.SuiteRunner.runTest(SuiteRunner.java:421)
at org.testng.SuiteRunner.runSequentially(SuiteRunner.java:413)
at org.testng.SuiteRunner.privateRun(SuiteRunner.java:373)
at org.testng.SuiteRunner.run(SuiteRunner.java:312)
at org.testng.SuiteRunnerWorker.runSuite(SuiteRunnerWorker.java:52)
at org.testng.SuiteRunnerWorker.run(SuiteRunnerWorker.java:95)
at org.testng.TestNG.runSuitesSequentially(TestNG.java:1274)
at org.testng.TestNG.runSuitesLocally(TestNG.java:1208)
at org.testng.TestNG.runSuites(TestNG.java:1112)
at org.testng.TestNG.run(TestNG.java:1079)
at com.intellij.rt.testng.IDEARemoteTestNG.run(IDEARemoteTestNG.java:65)
at com.intellij.rt.testng.RemoteTestNGStarter.main(RemoteTestNGStarter.java:105)
]]>
    </failure>
  </testcase> <!-- verifyInvalidCityError -->
  <testcase classname="testcases.TC_08_Check_Notify_Functionality" name="validateUpcomingBikeNotifyMe" time="2.991"/>
  <testcase classname="testcases.TC_09_Validate_News_Headlines" name="validateNewsHeadlines" time="2.238"/>
  <testcase classname="testcases.TC_10_Validate_Bike_Reviews" name="validateReviewSearch" time="5.813"/>
  <testcase classname="testcases.TC_11_YouTube_navigation_check" name="verifyVideoPopupPlayback_TC06" time="6.336"/>
  <testcase classname="testcases.TC_12_Brochure_Download_Check" name="downloadBrochureOfModel" time="2.698">
    <failure type="java.lang.AssertionError" message="Download Failed. expected [true] but found [false]">
      <![CDATA[java.lang.AssertionError: Download Failed. expected [true] but found [false]
at org.testng.Assert.fail(Assert.java:111)
at org.testng.Assert.failNotEquals(Assert.java:1590)
at org.testng.Assert.assertTrue(Assert.java:57)
at testcases.TC_12_Brochure_Download_Check.downloadBrochureOfModel(TC_12_Brochure_Download_Check.java:16)
at java.base/jdk.internal.reflect.DirectMethodHandleAccessor.invoke(DirectMethodHandleAccessor.java:103)
at java.base/java.lang.reflect.Method.invoke(Method.java:580)
at org.testng.internal.invokers.MethodInvocationHelper.invokeMethod(MethodInvocationHelper.java:141)
at org.testng.internal.invokers.TestInvoker.invokeMethod(TestInvoker.java:687)
at org.testng.internal.invokers.TestInvoker.invokeTestMethod(TestInvoker.java:230)
at org.testng.internal.invokers.MethodRunner.runInSequence(MethodRunner.java:63)
at org.testng.internal.invokers.TestInvoker$MethodInvocationAgent.invoke(TestInvoker.java:995)
at org.testng.internal.invokers.TestInvoker.invokeTestMethods(TestInvoker.java:203)
at org.testng.internal.invokers.TestMethodWorker.invokeTestMethods(TestMethodWorker.java:154)
at org.testng.internal.invokers.TestMethodWorker.run(TestMethodWorker.java:134)
at java.base/java.util.ArrayList.forEach(ArrayList.java:1596)
at org.testng.TestRunner.privateRun(TestRunner.java:741)
at org.testng.TestRunner.run(TestRunner.java:616)
at org.testng.SuiteRunner.runTest(SuiteRunner.java:421)
at org.testng.SuiteRunner.runSequentially(SuiteRunner.java:413)
at org.testng.SuiteRunner.privateRun(SuiteRunner.java:373)
at org.testng.SuiteRunner.run(SuiteRunner.java:312)
at org.testng.SuiteRunnerWorker.runSuite(SuiteRunnerWorker.java:52)
at org.testng.SuiteRunnerWorker.run(SuiteRunnerWorker.java:95)
at org.testng.TestNG.runSuitesSequentially(TestNG.java:1274)
at org.testng.TestNG.runSuitesLocally(TestNG.java:1208)
at org.testng.TestNG.runSuites(TestNG.java:1112)
at org.testng.TestNG.run(TestNG.java:1079)
at com.intellij.rt.testng.IDEARemoteTestNG.run(IDEARemoteTestNG.java:65)
at com.intellij.rt.testng.RemoteTestNGStarter.main(RemoteTestNGStarter.java:105)
]]>
    </failure>
  </testcase> <!-- downloadBrochureOfModel -->
  <testcase classname="testcases.TC_13_Breadcrumb_Working_Check" name="BreadcrumbWorkingCheck" time="3.104"/>
  <testcase classname="testcases.TC_14_Browser_Navigation_Check" name="BrowserNavigationCheck" time="3.945"/>
  <testcase classname="testcases.TC_15_Search_Electric_Bikes" name="SearchForElectricBikes" time="6.266"/>
  <testcase classname="testcases.TC_16_Listed_Brands" name="getBrandNames" time="2.423"/>
  <testcase classname="testcases.TC_17_Compare_Bikes" name="compareBikes" time="8.779"/>
  <testcase classname="testcases.TC_18_Calculate_EMI" name="EMICalculator" time="3.404"/>
  <testcase classname="testcases.TC_19_Similar_Bikes" name="getSimilarBikes" time="4.533"/>
  <testcase classname="testcases.TC_20_Body_Style" name="getBikes" time="4.326"/>
  <testcase classname="testcases.TC_21_BuyUsedBikes" name="usedBikeCity" time="8.252"/>
  <testcase classname="testcases.TC_22_BikeReview" name="bikeReviewsPrint" time="11.183"/>
  <testcase classname="testcases.TC_23_ComparingBikes" name="bikeCompare" time="8.366"/>
  <testcase classname="testcases.TC_24_MultiFilterCombination" name="multiFilterCombinationTest" time="4.321"/>
  <testcase classname="testcases.TC_25_BikeProsAndCons" name="bikeColorVariantImageUpdate" time="3.251"/>
</testsuite> <!-- TestBikeWale -->
