<?xml version="1.0" encoding="UTF-8"?>
<!-- Generated by org.testng.reporters.JUnitXMLReporter -->
<testsuite ignored="0" hostname="LTIN690905" failures="0" tests="25" name="TestBikeWale" time="333.311" errors="0" timestamp="2026-03-02T14:23:09 IST">
  <testcase classname="testcases.TC_01_HomePage" name="getBikes" time="3.571"/>
  <testcase classname="testcases.TC_02_FilterBikes" name="BikeFilterTestScenario" time="7.292"/>
  <testcase classname="testcases.TC_03_MileageBikes" name="getBikesHavingBestMileage" time="5.019"/>
  <testcase classname="testcases.TC_04_SelectCity" name="selectCityToPurchasedVehicle" time="3.943"/>
  <testcase classname="testcases.TC_05_ToggleButton" name="checkToggleButton" time="2.259"/>
  <testcase classname="testcases.TC_06_Check_Bike_At_Location" name="getBikeAtLocation" time="8.901"/>
  <testcase classname="testcases.TC_07_Verify_Invalid_City_Error" name="verifyInvalidCityError" time="6.702"/>
  <testcase classname="testcases.TC_08_Check_Notify_Functionality" name="validateUpcomingBikeNotifyMe" time="3.35"/>
  <testcase classname="testcases.TC_09_Validate_News_Headlines" name="validateNewsHeadlines" time="2.86"/>
  <testcase classname="testcases.TC_10_Validate_Bike_Reviews" name="validateReviewSearch" time="6.686"/>
  <testcase classname="testcases.TC_11_YouTube_navigation_check" name="verifyVideoPopupPlayback_TC06" time="11.679"/>
  <testcase classname="testcases.TC_12_Brochure_Download_Check" name="downloadBrochureOfModel" time="11.586"/>
  <testcase classname="testcases.TC_13_Breadcrumb_Working_Check" name="BreadcrumbWorkingCheck" time="5.873"/>
  <testcase classname="testcases.TC_14_Browser_Navigation_Check" name="BrowserNavigationCheck" time="7.195"/>
  <testcase classname="testcases.TC_15_Search_Electric_Bikes" name="SearchForElectricBikes" time="14.687"/>
  <testcase classname="testcases.TC_16_Listed_Brands" name="getBrandNames" time="2.626"/>
  <testcase classname="testcases.TC_17_Compare_Bikes" name="compareBikes" time="10.971"/>
  <testcase classname="testcases.TC_18_Calculate_EMI" name="EMICalculator" time="3.453"/>
  <testcase classname="testcases.TC_19_Similar_Bikes" name="getSimilarBikes" time="4.89"/>
  <testcase classname="testcases.TC_20_Body_Style" name="getBikes" time="4.254"/>
  <testcase classname="testcases.TC_21_BuyUsedBikes" name="usedBikeCity" time="8.726"/>
  <testcase classname="testcases.TC_22_BikeReview" name="bikeReviewsPrint" time="6.172"/>
  <testcase classname="testcases.TC_23_ComparingBikes" name="bikeCompare" time="9.08"/>
  <testcase classname="testcases.TC_24_MultiFilterCombination" name="multiFilterCombinationTest" time="4.718"/>
  <testcase classname="testcases.TC_25_BikeProsAndCons" name="bikeColorVariantImageUpdate" time="3.615"/>
</testsuite> <!-- TestBikeWale -->
